<?xml version="1.0" encoding="UTF-8"?>
<!-- Generated by org.testng.reporters.JUnitXMLReporter -->
<testsuite ignored="1" hostname="DESKTOP-G961RKF" failures="0" tests="1" name="Default test" time="38.351" errors="0" timestamp="2024-02-15T19:31:45 CST">
  <testcase classname="todoor.practice.selenium.BuyRealMadridJersey" name="addRealMadrid" time="25.522"/>
  <testcase classname="todoor.practice.selenium.BuyRealMadridJersey" name="addShoes" time="0.0">
    <ignored/>
  </testcase> <!-- addShoes -->
</testsuite> <!-- Default test -->
