<?xml version="1.0" encoding="UTF-8"?>
<!-- Generated by org.testng.reporters.JUnitXMLReporter -->
<testsuite ignored="5" hostname="DESKTOP-G961RKF" failures="0" tests="4" name="UI Functionality" time="0.119" errors="0" timestamp="2024-02-06T17:35:12 CST">
  <testcase classname="com.noorteck.testnglecture.GroupingTest" name="benz" time="0.015"/>
  <testcase classname="com.noorteck.testnglecture.GroupingTest" name="honda" time="0.002"/>
  <testcase classname="com.noorteck.testnglecture.GroupingTest" name="soccer" time="0.003"/>
  <testcase classname="com.noorteck.testnglecture.GroupingTest" name="tesla" time="0.003"/>
  <testcase classname="com.noorteck.testnglecture.GroupingTest" name="rice" time="0.0">
    <ignored/>
  </testcase> <!-- rice -->
  <testcase classname="com.noorteck.testnglecture.GroupingTest" name="taco" time="0.0">
    <ignored/>
  </testcase> <!-- taco -->
  <testcase classname="com.noorteck.testnglecture.GroupingTest" name="sandwich" time="0.0">
    <ignored/>
  </testcase> <!-- sandwich -->
  <testcase classname="com.noorteck.testnglecture.GroupingTest" name="football" time="0.0">
    <ignored/>
  </testcase> <!-- football -->
  <testcase classname="com.noorteck.testnglecture.GroupingTest" name="basketball" time="0.0">
    <ignored/>
  </testcase> <!-- basketball -->
</testsuite> <!-- UI Functionality -->
