<?xml version="1.0" encoding="UTF-8"?>
<testng-results ignored="1" total="2" passed="1" failed="0" skipped="0">
  <reporter-output>
  </reporter-output>
  <suite started-at="2024-02-15T19:31:07 CST" name="Default suite" finished-at="2024-02-15T19:31:45 CST" duration-ms="38351">
    <groups>
    </groups>
    <test started-at="2024-02-15T19:31:07 CST" name="Default test" finished-at="2024-02-15T19:31:45 CST" duration-ms="38351">
      <class name="todoor.practice.selenium.BuyRealMadridJersey">
        <test-method is-config="true" signature="beforeMethod()[pri:0, instance:todoor.practice.selenium.BuyRealMadridJersey@5562c41e]" started-at="2024-02-15T19:31:07 CST" name="beforeMethod" finished-at="2024-02-15T19:31:15 CST" duration-ms="7676" status="PASS">
          <reporter-output>
          </reporter-output>
        </test-method> <!-- beforeMethod -->
        <test-method signature="addRealMadrid()[pri:0, instance:todoor.practice.selenium.BuyRealMadridJersey@5562c41e]" started-at="2024-02-15T19:31:15 CST" name="addRealMadrid" finished-at="2024-02-15T19:31:40 CST" duration-ms="25522" status="PASS">
          <reporter-output>
          </reporter-output>
        </test-method> <!-- addRealMadrid -->
        <test-method is-config="true" signature="afterMethod()[pri:0, instance:todoor.practice.selenium.BuyRealMadridJersey@5562c41e]" started-at="2024-02-15T19:31:40 CST" name="afterMethod" finished-at="2024-02-15T19:31:45 CST" duration-ms="5102" status="PASS">
          <reporter-output>
          </reporter-output>
        </test-method> <!-- afterMethod -->
      </class> <!-- todoor.practice.selenium.BuyRealMadridJersey -->
    </test> <!-- Default test -->
  </suite> <!-- Default suite -->
</testng-results>
