<?xml version="1.0" encoding="UTF-8"?>
<!-- Generated by org.testng.reporters.JUnitXMLReporter -->
<testsuite ignored="0" hostname="DESKTOP-G961RKF" failures="0" tests="9" name="Register Functionality" time="0.288" errors="0" timestamp="2024-02-02T19:16:13 CST">
  <testcase classname="com.noorteck.testnglecture.GroupingTest" name="basketball" time="0.018"/>
  <testcase classname="com.noorteck.testnglecture.GroupingTest" name="benz" time="0.004"/>
  <testcase classname="com.noorteck.testnglecture.GroupingTest" name="football" time="0.005"/>
  <testcase classname="com.noorteck.testnglecture.GroupingTest" name="honda" time="0.014"/>
  <testcase classname="com.noorteck.testnglecture.GroupingTest" name="rice" time="0.003"/>
  <testcase classname="com.noorteck.testnglecture.GroupingTest" name="sandwich" time="0.014"/>
  <testcase classname="com.noorteck.testnglecture.GroupingTest" name="soccer" time="0.006"/>
  <testcase classname="com.noorteck.testnglecture.GroupingTest" name="taco" time="0.008"/>
  <testcase classname="com.noorteck.testnglecture.GroupingTest" name="tesla" time="0.004"/>
</testsuite> <!-- Register Functionality -->
